14:37:58.613 [restartedMain] INFO  com.ruoyi.RuoYiApplication - Starting RuoYiApplication on wk_4 with PID 7504 (D:\codelyq\FirstCode\RuoYi\target\classes started by liuyangqi in D:\codelyq\FirstCode\RuoYi)
14:37:58.616 [restartedMain] DEBUG com.ruoyi.RuoYiApplication - Running with Spring Boot v1.5.10.RELEASE, Spring v4.3.14.RELEASE
14:37:58.617 [restartedMain] INFO  com.ruoyi.RuoYiApplication - The following profiles are active: druid
14:37:59.077 [background-preinit] INFO  org.hibernate.validator.internal.util.Version - HV000001: Hibernate Validator 5.3.6.Final
14:38:01.684 [restartedMain] INFO  org.apache.shiro.cache.ehcache.EhCacheManager - Cache with name 'com.ruoyi.framework.shiro.realm.UserRealm.authorizationCache' does not yet exist.  Creating now.
14:38:01.685 [restartedMain] INFO  org.apache.shiro.cache.ehcache.EhCacheManager - Added EhCache named [com.ruoyi.framework.shiro.realm.UserRealm.authorizationCache]
14:38:02.474 [restartedMain] INFO  com.alibaba.druid.pool.DruidDataSource - {dataSource-1} inited
14:38:03.145 [restartedMain] INFO  org.apache.shiro.cache.ehcache.EhCacheManager - Using existing EHCache named [loginRecordCache]
14:38:05.504 [restartedMain] INFO  org.apache.catalina.core.StandardService - Starting service [Tomcat]
14:38:05.509 [restartedMain] INFO  org.apache.catalina.core.StandardEngine - Starting Servlet Engine: Apache Tomcat/8.5.27
14:38:05.968 [localhost-startStop-1] INFO  org.apache.catalina.core.ContainerBase.[Tomcat].[localhost].[/] - Initializing Spring embedded WebApplicationContext
14:38:07.014 [restartedMain] INFO  org.quartz.impl.StdSchedulerFactory - Using default implementation for ThreadExecutor
14:38:07.046 [restartedMain] INFO  org.quartz.core.SchedulerSignalerImpl - Initialized Scheduler Signaller of type: class org.quartz.core.SchedulerSignalerImpl
14:38:07.047 [restartedMain] INFO  org.quartz.core.QuartzScheduler - Quartz Scheduler v.2.3.0 created.
14:38:07.077 [restartedMain] INFO  org.quartz.core.QuartzScheduler - Scheduler meta-data: Quartz Scheduler (v2.3.0) 'RuoyiScheduler' with instanceId 'wk_41534315087018'
  Scheduler class: 'org.quartz.core.QuartzScheduler' - running locally.
  NOT STARTED.
  Currently in standby mode.
  Number of jobs executed: 0
  Using thread pool 'org.quartz.simpl.SimpleThreadPool' - with 20 threads.
  Using job-store 'org.springframework.scheduling.quartz.LocalDataSourceJobStore' - which supports persistence. and is clustered.

14:38:07.078 [restartedMain] INFO  org.quartz.impl.StdSchedulerFactory - Quartz scheduler 'RuoyiScheduler' initialized from an externally provided properties instance.
14:38:07.079 [restartedMain] INFO  org.quartz.impl.StdSchedulerFactory - Quartz scheduler version: 2.3.0
14:38:07.082 [restartedMain] INFO  org.quartz.core.QuartzScheduler - JobFactory set to: org.springframework.scheduling.quartz.AdaptableJobFactory@2112dcf
14:38:07.169 [restartedMain] DEBUG com.ruoyi.project.monitor.job.mapper.JobMapper.selectJobAll - ==>  Preparing: SELECT job_id, job_name, job_group, method_name, params, cron_expression, status, create_by, create_time FROM sys_job 
14:38:07.410 [restartedMain] DEBUG com.ruoyi.project.monitor.job.mapper.JobMapper.selectJobAll - ==> Parameters: 
14:38:07.455 [restartedMain] DEBUG com.ruoyi.project.monitor.job.mapper.JobMapper.selectJobAll - <==      Total: 2
14:38:10.330 [restartedMain] WARN  org.thymeleaf.templatemode.TemplateMode - [THYMELEAF][restartedMain] Template Mode 'LEGACYHTML5' is deprecated. Using Template Mode 'HTML' instead.
14:38:11.940 [restartedMain] INFO  org.apache.coyote.http11.Http11NioProtocol - Initializing ProtocolHandler ["http-nio-80"]
14:38:11.960 [restartedMain] INFO  org.apache.coyote.http11.Http11NioProtocol - Starting ProtocolHandler ["http-nio-80"]
14:38:11.990 [restartedMain] INFO  org.apache.tomcat.util.net.NioSelectorPool - Using a shared selector for servlet write/read
14:38:12.037 [restartedMain] INFO  com.ruoyi.RuoYiApplication - Started RuoYiApplication in 14.251 seconds (JVM running for 16.394)
14:38:13.182 [Quartz Scheduler [RuoyiScheduler]] INFO  org.quartz.core.QuartzScheduler - Scheduler RuoyiScheduler_$_wk_41534315087018 started.
14:38:41.232 [http-nio-80-exec-1] INFO  org.apache.tomcat.util.http.parser.Cookie - A cookie header was received [1534144320; _lpt_=3f9a2ff394564d8489d09ea24e959c66; BJEV_SESSIONID=38b6fa270b194d5ea548514f93ca3eab; Hm_lpvt_ba7c84ce230944c13900faeba642b2b4=1534234027] that contained an invalid cookie. That cookie will be ignored.Note: further occurrences of this error will be logged at DEBUG level.
14:38:41.242 [http-nio-80-exec-1] INFO  org.apache.catalina.core.ContainerBase.[Tomcat].[localhost].[/] - Initializing Spring FrameworkServlet 'dispatcherServlet'
14:38:41.386 [http-nio-80-exec-1] INFO  org.apache.shiro.session.mgt.AbstractValidatingSessionManager - Enabling session validation scheduler...
14:38:41.386 [http-nio-80-exec-1] DEBUG com.ruoyi.framework.shiro.web.session.SpringSessionValidationScheduler - Scheduling session validation job using Spring Scheduler with session validation interval of [600000]ms...
14:38:41.388 [http-nio-80-exec-1] DEBUG com.ruoyi.framework.shiro.web.session.SpringSessionValidationScheduler - Session validation job successfully scheduled with Spring Scheduler.
14:38:41.462 [http-nio-80-exec-1] INFO  org.apache.shiro.cache.ehcache.EhCacheManager - Using existing EHCache named [shiro-activeSessionCache]
14:38:42.389 [pool-1-thread-1] INFO  com.ruoyi.framework.shiro.web.session.OnlineWebSessionManager - invalidation sessions...
14:38:42.461 [pool-1-thread-1] DEBUG com.ruoyi.project.monitor.online.mapper.UserOnlineMapper.selectOnlineByExpired - ==>  Preparing: SELECT * FROM sys_user_online o WHERE o.last_access_time <= ? ORDER BY o.last_access_time ASC 
14:38:42.464 [pool-1-thread-1] DEBUG com.ruoyi.project.monitor.online.mapper.UserOnlineMapper.selectOnlineByExpired - ==> Parameters: 2018-08-15 14:08:42(String)
14:38:42.472 [pool-1-thread-1] DEBUG com.ruoyi.project.monitor.online.mapper.UserOnlineMapper.selectOnlineByExpired - <==      Total: 0
14:38:42.476 [pool-1-thread-1] INFO  com.ruoyi.framework.shiro.web.session.OnlineWebSessionManager - Finished invalidation session. No sessions were stopped.
14:38:50.950 [http-nio-80-exec-10] DEBUG com.ruoyi.project.system.user.mapper.UserMapper.selectUserByLoginName - ==>  Preparing: select u.user_id, u.dept_id, u.login_name, u.user_name, u.email, u.phonenumber, u.sex, u.avatar, u.password, u.salt, u.status, u.refuse_des, u.login_ip, u.login_date, u.create_time, d.dept_id, d.parent_id, d.dept_name, d.order_num, d.status as dept_status from sys_user u left join sys_dept d on u.dept_id = d.dept_id left join sys_user_role ur on u.user_id = ur.user_id where u.login_name = ? 
14:38:50.955 [http-nio-80-exec-10] DEBUG com.ruoyi.project.system.user.mapper.UserMapper.selectUserByLoginName - ==> Parameters: admin(String)
14:38:50.998 [http-nio-80-exec-10] DEBUG com.ruoyi.project.system.user.mapper.UserMapper.selectUserByLoginName - <==      Total: 1
14:38:51.012 [http-nio-80-exec-10] INFO  sys-user - [0:0:0:0:0:0:0:1][admin][Success][登录成功]
14:38:51.014 [http-nio-80-exec-10] DEBUG com.ruoyi.project.monitor.logininfor.mapper.LogininforMapper.insertLogininfor - ==>  Preparing: insert into sys_logininfor (login_name, status, ipaddr, browser, os, msg, login_time) values (?, ?, ?, ?, ?, ?, sysdate()) 
14:38:51.017 [http-nio-80-exec-10] DEBUG com.ruoyi.project.monitor.logininfor.mapper.LogininforMapper.insertLogininfor - ==> Parameters: admin(String), 0(String), 0:0:0:0:0:0:0:1(String), Chrome(String), Windows 10(String), 登录成功(String)
14:38:51.107 [http-nio-80-exec-10] DEBUG com.ruoyi.project.monitor.logininfor.mapper.LogininforMapper.insertLogininfor - <==    Updates: 1
14:38:51.138 [http-nio-80-exec-10] DEBUG com.ruoyi.project.system.user.mapper.UserMapper.updateUser - ==>  Preparing: update sys_user SET dept_id = ?, login_name = ?, user_name = ?, email = ?, phonenumber = ?, sex = ?, password = ?, salt = ?, status = ?, refuse_des = ?, login_ip = ?, login_date = ?, update_time = sysdate() where 1=1 and user_id = ? 
14:38:51.141 [http-nio-80-exec-10] DEBUG com.ruoyi.project.system.user.mapper.UserMapper.updateUser - ==> Parameters: 106(Long), admin(String), 若依(String), ry@163.com(String), 15888888888(String), 1(String), 29c67a30398638269fe600f73a054934(String), 111111(String), 0(Integer), 正常(String), 0:0:0:0:0:0:0:1(String), 2018-08-15 14:38:51.108(Timestamp), 1(Long)
14:38:51.177 [http-nio-80-exec-10] DEBUG com.ruoyi.project.system.user.mapper.UserMapper.updateUser - <==    Updates: 1
14:38:51.236 [http-nio-80-exec-1] DEBUG com.ruoyi.project.system.menu.mapper.MenuMapper.selectMenusByUserId - ==>  Preparing: select distinct m.menu_id, m.parent_id, m.menu_name, m.url, m.perms , m.menu_type, m.icon, m.order_num, m.create_time from sys_menu m left join sys_role_menu rm on m.menu_id = rm.menu_id left join sys_user_role ur on rm.role_id = ur.role_id where ur.user_id = ? and m.menu_type in ('M', 'C') and m.visible = 0 order by m.order_num 
14:38:51.241 [http-nio-80-exec-1] DEBUG com.ruoyi.project.system.menu.mapper.MenuMapper.selectMenusByUserId - ==> Parameters: 1(Long)
14:38:51.277 [http-nio-80-exec-1] DEBUG com.ruoyi.project.system.menu.mapper.MenuMapper.selectMenusByUserId - <==      Total: 17
14:38:51.307 [http-nio-80-exec-1] DEBUG com.ruoyi.project.system.config.mapper.ConfigMapper.selectConfigByKey - ==>  Preparing: select config_id, config_name, config_key, config_value, config_type, create_by, create_time, update_by, update_time, remark from sys_config where config_key = ? 
14:38:51.308 [http-nio-80-exec-1] DEBUG com.ruoyi.project.system.config.mapper.ConfigMapper.selectConfigByKey - ==> Parameters: sys.index.skinName(String)
14:38:51.313 [http-nio-80-exec-1] DEBUG com.ruoyi.project.system.config.mapper.ConfigMapper.selectConfigByKey - <==      Total: 1
14:38:51.410 [http-nio-80-exec-2] DEBUG com.ruoyi.project.monitor.online.mapper.UserOnlineMapper.saveOnline - ==>  Preparing: replace into sys_user_online(sessionId, login_name, dept_name, ipaddr, browser, os, status, start_timestsamp, last_access_time, expire_time) values (?, ?, ?, ?, ?, ?, ?, ?, ?, ?) 
14:38:51.498 [http-nio-80-exec-2] DEBUG com.ruoyi.project.monitor.online.mapper.UserOnlineMapper.saveOnline - ==> Parameters: fbb5156c-0b2f-4cd8-a963-f983a036660e(String), admin(String), 研发一部(String), 0:0:0:0:0:0:0:1(String), Chrome(String), Windows 10(String), on_line(String), 2018-08-15 14:38:41.402(Timestamp), 2018-08-15 14:38:51.409(Timestamp), 1800000(Long)
14:38:51.535 [http-nio-80-exec-2] DEBUG com.ruoyi.project.monitor.online.mapper.UserOnlineMapper.saveOnline - <==    Updates: 1
14:38:54.960 [http-nio-80-exec-7] DEBUG com.ruoyi.project.system.role.mapper.RoleMapper.selectRolesByUserId - ==>  Preparing: SELECT r.role_id, r.role_name, r.role_key FROM sys_user u LEFT JOIN sys_user_role ur ON u.user_id = ur.user_id LEFT JOIN sys_role r ON ur.role_id = r.role_id WHERE ur.user_id = ? 
14:38:54.963 [http-nio-80-exec-7] DEBUG com.ruoyi.project.system.role.mapper.RoleMapper.selectRolesByUserId - ==> Parameters: 1(Long)
14:38:54.967 [http-nio-80-exec-7] DEBUG com.ruoyi.project.system.role.mapper.RoleMapper.selectRolesByUserId - <==      Total: 1
14:38:54.968 [http-nio-80-exec-7] DEBUG com.ruoyi.project.system.menu.mapper.MenuMapper.selectPermsByUserId - ==>  Preparing: select distinct m.perms from sys_menu m left join sys_role_menu rm on m.menu_id = rm.menu_id left join sys_user_role ur on rm.role_id = ur.role_id where ur.user_id = ? 
14:38:54.969 [http-nio-80-exec-7] DEBUG com.ruoyi.project.system.menu.mapper.MenuMapper.selectPermsByUserId - ==> Parameters: 1(Long)
14:38:54.977 [http-nio-80-exec-7] DEBUG com.ruoyi.project.system.menu.mapper.MenuMapper.selectPermsByUserId - <==      Total: 73
14:38:55.443 [http-nio-80-exec-3] DEBUG com.ruoyi.project.system.dept.mapper.DeptMapper.selectDeptAll - ==>  Preparing: select dept_id, parent_id, dept_name, order_num, leader, phone, email, status, create_by, create_time from sys_dept 
14:38:55.446 [http-nio-80-exec-3] DEBUG com.ruoyi.project.system.dept.mapper.DeptMapper.selectDeptAll - ==> Parameters: 
14:38:55.454 [http-nio-80-exec-3] DEBUG com.ruoyi.project.system.dept.mapper.DeptMapper.selectDeptAll - <==      Total: 10
14:38:55.496 [http-nio-80-exec-6] DEBUG com.ruoyi.project.system.user.mapper.UserMapper.selectUserList_COUNT - ==>  Preparing: SELECT count(0) FROM sys_user 
14:38:55.498 [http-nio-80-exec-6] DEBUG com.ruoyi.project.system.user.mapper.UserMapper.selectUserList_COUNT - ==> Parameters: 
14:38:55.501 [http-nio-80-exec-6] DEBUG com.ruoyi.project.system.user.mapper.UserMapper.selectUserList_COUNT - <==      Total: 1
14:38:55.504 [http-nio-80-exec-6] DEBUG com.ruoyi.project.system.user.mapper.UserMapper.selectUserList - ==>  Preparing: SELECT user_id, dept_id, login_name, user_name, email, phonenumber, password, sex, avatar, salt, user_type, status, refuse_des, create_by, create_time FROM sys_user order by create_time desc LIMIT ? 
14:38:55.506 [http-nio-80-exec-6] DEBUG com.ruoyi.project.system.user.mapper.UserMapper.selectUserList - ==> Parameters: 10(Integer)
14:38:55.512 [http-nio-80-exec-6] DEBUG com.ruoyi.project.system.user.mapper.UserMapper.selectUserList - <==      Total: 2
14:38:56.033 [http-nio-80-exec-10] DEBUG com.ruoyi.project.system.role.mapper.RoleMapper.selectRoleList_COUNT - ==>  Preparing: SELECT count(0) FROM sys_role 
14:38:56.035 [http-nio-80-exec-10] DEBUG com.ruoyi.project.system.role.mapper.RoleMapper.selectRoleList_COUNT - ==> Parameters: 
14:38:56.037 [http-nio-80-exec-10] DEBUG com.ruoyi.project.system.role.mapper.RoleMapper.selectRoleList_COUNT - <==      Total: 1
14:38:56.040 [http-nio-80-exec-10] DEBUG com.ruoyi.project.system.role.mapper.RoleMapper.selectRoleList - ==>  Preparing: SELECT role_id, role_name, role_key, role_sort, status, create_time, remark FROM sys_role order by role_sort asc LIMIT ? 
14:38:56.041 [http-nio-80-exec-10] DEBUG com.ruoyi.project.system.role.mapper.RoleMapper.selectRoleList - ==> Parameters: 10(Integer)
14:38:56.046 [http-nio-80-exec-10] DEBUG com.ruoyi.project.system.role.mapper.RoleMapper.selectRoleList - <==      Total: 2
14:38:57.378 [http-nio-80-exec-6] DEBUG com.ruoyi.project.system.menu.mapper.MenuMapper.selectMenuAll - ==>  Preparing: select menu_id, menu_name, parent_id, order_num, url, menu_type, visible, perms, icon, create_by, create_time from sys_menu 
14:38:57.380 [http-nio-80-exec-6] DEBUG com.ruoyi.project.system.menu.mapper.MenuMapper.selectMenuAll - ==> Parameters: 
14:38:57.406 [http-nio-80-exec-6] DEBUG com.ruoyi.project.system.menu.mapper.MenuMapper.selectMenuAll - <==      Total: 75
14:38:58.188 [http-nio-80-exec-9] DEBUG com.ruoyi.project.system.dept.mapper.DeptMapper.selectDeptAll - ==>  Preparing: select dept_id, parent_id, dept_name, order_num, leader, phone, email, status, create_by, create_time from sys_dept 
14:38:58.189 [http-nio-80-exec-9] DEBUG com.ruoyi.project.system.dept.mapper.DeptMapper.selectDeptAll - ==> Parameters: 
14:38:58.196 [http-nio-80-exec-9] DEBUG com.ruoyi.project.system.dept.mapper.DeptMapper.selectDeptAll - <==      Total: 10
14:39:03.943 [http-nio-80-exec-7] DEBUG com.ruoyi.project.system.post.mapper.PostMapper.selectPostList_COUNT - ==>  Preparing: SELECT count(0) FROM sys_post 
14:39:03.945 [http-nio-80-exec-7] DEBUG com.ruoyi.project.system.post.mapper.PostMapper.selectPostList_COUNT - ==> Parameters: 
14:39:03.949 [http-nio-80-exec-7] DEBUG com.ruoyi.project.system.post.mapper.PostMapper.selectPostList_COUNT - <==      Total: 1
14:39:03.951 [http-nio-80-exec-7] DEBUG com.ruoyi.project.system.post.mapper.PostMapper.selectPostList - ==>  Preparing: SELECT post_id, post_code, post_name, post_sort, status, create_by, create_time, remark FROM sys_post order by post_sort asc LIMIT ? 
14:39:03.952 [http-nio-80-exec-7] DEBUG com.ruoyi.project.system.post.mapper.PostMapper.selectPostList - ==> Parameters: 10(Integer)
14:39:03.957 [http-nio-80-exec-7] DEBUG com.ruoyi.project.system.post.mapper.PostMapper.selectPostList - <==      Total: 4
14:39:08.455 [http-nio-80-exec-2] INFO  sys-user - [0:0:0:0:0:0:0:1][admin][Logout][退出成功]
14:39:08.456 [http-nio-80-exec-2] DEBUG com.ruoyi.project.monitor.logininfor.mapper.LogininforMapper.insertLogininfor - ==>  Preparing: insert into sys_logininfor (login_name, status, ipaddr, browser, os, msg, login_time) values (?, ?, ?, ?, ?, ?, sysdate()) 
14:39:08.456 [http-nio-80-exec-2] DEBUG com.ruoyi.project.monitor.logininfor.mapper.LogininforMapper.insertLogininfor - ==> Parameters: admin(String), 0(String), 0:0:0:0:0:0:0:1(String), Chrome(String), Windows 10(String), 退出成功(String)
14:39:08.524 [http-nio-80-exec-2] DEBUG com.ruoyi.project.monitor.logininfor.mapper.LogininforMapper.insertLogininfor - <==    Updates: 1
14:39:08.527 [http-nio-80-exec-2] DEBUG com.ruoyi.project.monitor.online.mapper.UserOnlineMapper.selectOnlineById - ==>  Preparing: select * from sys_user_online where sessionid = ? 
14:39:08.527 [http-nio-80-exec-2] DEBUG com.ruoyi.project.monitor.online.mapper.UserOnlineMapper.selectOnlineById - ==> Parameters: fbb5156c-0b2f-4cd8-a963-f983a036660e(String)
14:39:08.530 [http-nio-80-exec-2] DEBUG com.ruoyi.project.monitor.online.mapper.UserOnlineMapper.selectOnlineById - <==      Total: 1
14:39:08.531 [http-nio-80-exec-2] DEBUG com.ruoyi.project.monitor.online.mapper.UserOnlineMapper.deleteOnlineById - ==>  Preparing: delete from sys_user_online where sessionId = ? 
14:39:08.533 [http-nio-80-exec-2] DEBUG com.ruoyi.project.monitor.online.mapper.UserOnlineMapper.deleteOnlineById - ==> Parameters: fbb5156c-0b2f-4cd8-a963-f983a036660e(String)
14:39:08.677 [http-nio-80-exec-2] DEBUG com.ruoyi.project.monitor.online.mapper.UserOnlineMapper.deleteOnlineById - <==    Updates: 1
14:39:39.295 [http-nio-80-exec-8] DEBUG com.ruoyi.project.system.user.mapper.UserMapper.selectUserByLoginName - ==>  Preparing: select u.user_id, u.dept_id, u.login_name, u.user_name, u.email, u.phonenumber, u.sex, u.avatar, u.password, u.salt, u.status, u.refuse_des, u.login_ip, u.login_date, u.create_time, d.dept_id, d.parent_id, d.dept_name, d.order_num, d.status as dept_status from sys_user u left join sys_dept d on u.dept_id = d.dept_id left join sys_user_role ur on u.user_id = ur.user_id where u.login_name = ? 
14:39:39.296 [http-nio-80-exec-8] DEBUG com.ruoyi.project.system.user.mapper.UserMapper.selectUserByLoginName - ==> Parameters: admin(String)
14:39:39.299 [http-nio-80-exec-8] DEBUG com.ruoyi.project.system.user.mapper.UserMapper.selectUserByLoginName - <==      Total: 1
14:39:39.300 [http-nio-80-exec-8] INFO  sys-user - [0:0:0:0:0:0:0:1][admin][Success][登录成功]
14:39:39.300 [http-nio-80-exec-8] DEBUG com.ruoyi.project.monitor.logininfor.mapper.LogininforMapper.insertLogininfor - ==>  Preparing: insert into sys_logininfor (login_name, status, ipaddr, browser, os, msg, login_time) values (?, ?, ?, ?, ?, ?, sysdate()) 
14:39:39.301 [http-nio-80-exec-8] DEBUG com.ruoyi.project.monitor.logininfor.mapper.LogininforMapper.insertLogininfor - ==> Parameters: admin(String), 0(String), 0:0:0:0:0:0:0:1(String), Chrome(String), Windows 10(String), 登录成功(String)
14:39:39.369 [http-nio-80-exec-8] DEBUG com.ruoyi.project.monitor.logininfor.mapper.LogininforMapper.insertLogininfor - <==    Updates: 1
14:39:39.371 [http-nio-80-exec-8] DEBUG com.ruoyi.project.system.user.mapper.UserMapper.updateUser - ==>  Preparing: update sys_user SET dept_id = ?, login_name = ?, user_name = ?, email = ?, phonenumber = ?, sex = ?, password = ?, salt = ?, status = ?, refuse_des = ?, login_ip = ?, login_date = ?, update_time = sysdate() where 1=1 and user_id = ? 
14:39:39.371 [http-nio-80-exec-8] DEBUG com.ruoyi.project.system.user.mapper.UserMapper.updateUser - ==> Parameters: 106(Long), admin(String), 若依(String), ry@163.com(String), 15888888888(String), 1(String), 29c67a30398638269fe600f73a054934(String), 111111(String), 0(Integer), 正常(String), 0:0:0:0:0:0:0:1(String), 2018-08-15 14:39:39.37(Timestamp), 1(Long)
14:39:39.412 [http-nio-80-exec-8] DEBUG com.ruoyi.project.system.user.mapper.UserMapper.updateUser - <==    Updates: 1
14:39:39.428 [http-nio-80-exec-6] DEBUG com.ruoyi.project.system.menu.mapper.MenuMapper.selectMenusByUserId - ==>  Preparing: select distinct m.menu_id, m.parent_id, m.menu_name, m.url, m.perms , m.menu_type, m.icon, m.order_num, m.create_time from sys_menu m left join sys_role_menu rm on m.menu_id = rm.menu_id left join sys_user_role ur on rm.role_id = ur.role_id where ur.user_id = ? and m.menu_type in ('M', 'C') and m.visible = 0 order by m.order_num 
14:39:39.429 [http-nio-80-exec-6] DEBUG com.ruoyi.project.system.menu.mapper.MenuMapper.selectMenusByUserId - ==> Parameters: 1(Long)
14:39:39.434 [http-nio-80-exec-6] DEBUG com.ruoyi.project.system.menu.mapper.MenuMapper.selectMenusByUserId - <==      Total: 17
14:39:39.443 [http-nio-80-exec-6] DEBUG com.ruoyi.project.system.config.mapper.ConfigMapper.selectConfigByKey - ==>  Preparing: select config_id, config_name, config_key, config_value, config_type, create_by, create_time, update_by, update_time, remark from sys_config where config_key = ? 
14:39:39.443 [http-nio-80-exec-6] DEBUG com.ruoyi.project.system.config.mapper.ConfigMapper.selectConfigByKey - ==> Parameters: sys.index.skinName(String)
14:39:39.446 [http-nio-80-exec-6] DEBUG com.ruoyi.project.system.config.mapper.ConfigMapper.selectConfigByKey - <==      Total: 1
14:39:39.507 [http-nio-80-exec-3] DEBUG com.ruoyi.project.monitor.online.mapper.UserOnlineMapper.saveOnline - ==>  Preparing: replace into sys_user_online(sessionId, login_name, dept_name, ipaddr, browser, os, status, start_timestsamp, last_access_time, expire_time) values (?, ?, ?, ?, ?, ?, ?, ?, ?, ?) 
14:39:39.512 [http-nio-80-exec-3] DEBUG com.ruoyi.project.monitor.online.mapper.UserOnlineMapper.saveOnline - ==> Parameters: a9684ae2-052e-4542-bc04-bbbda0237a5a(String), admin(String), 研发一部(String), 0:0:0:0:0:0:0:1(String), Chrome(String), Windows 10(String), on_line(String), 2018-08-15 14:39:08.75(Timestamp), 2018-08-15 14:39:39.506(Timestamp), 1800000(Long)
14:39:39.547 [http-nio-80-exec-3] DEBUG com.ruoyi.project.monitor.online.mapper.UserOnlineMapper.saveOnline - <==    Updates: 1
14:39:53.074 [http-nio-80-exec-2] DEBUG com.ruoyi.project.system.role.mapper.RoleMapper.selectRolesByUserId - ==>  Preparing: SELECT r.role_id, r.role_name, r.role_key FROM sys_user u LEFT JOIN sys_user_role ur ON u.user_id = ur.user_id LEFT JOIN sys_role r ON ur.role_id = r.role_id WHERE ur.user_id = ? 
14:39:53.075 [http-nio-80-exec-2] DEBUG com.ruoyi.project.system.role.mapper.RoleMapper.selectRolesByUserId - ==> Parameters: 1(Long)
14:39:53.078 [http-nio-80-exec-2] DEBUG com.ruoyi.project.system.role.mapper.RoleMapper.selectRolesByUserId - <==      Total: 1
14:39:53.081 [http-nio-80-exec-2] DEBUG com.ruoyi.project.system.menu.mapper.MenuMapper.selectPermsByUserId - ==>  Preparing: select distinct m.perms from sys_menu m left join sys_role_menu rm on m.menu_id = rm.menu_id left join sys_user_role ur on rm.role_id = ur.role_id where ur.user_id = ? 
14:39:53.082 [http-nio-80-exec-2] DEBUG com.ruoyi.project.system.menu.mapper.MenuMapper.selectPermsByUserId - ==> Parameters: 1(Long)
14:39:53.090 [http-nio-80-exec-2] DEBUG com.ruoyi.project.system.menu.mapper.MenuMapper.selectPermsByUserId - <==      Total: 73
14:39:53.385 [http-nio-80-exec-8] DEBUG com.ruoyi.project.monitor.operlog.mapper.OperLogMapper.selectOperLogList_COUNT - ==>  Preparing: SELECT count(0) FROM sys_oper_log 
14:39:53.386 [http-nio-80-exec-8] DEBUG com.ruoyi.project.monitor.operlog.mapper.OperLogMapper.selectOperLogList_COUNT - ==> Parameters: 
14:39:53.392 [http-nio-80-exec-8] DEBUG com.ruoyi.project.monitor.operlog.mapper.OperLogMapper.selectOperLogList_COUNT - <==      Total: 1
14:39:54.572 [http-nio-80-exec-4] DEBUG c.r.p.monitor.logininfor.mapper.LogininforMapper.selectLogininforList_COUNT - ==>  Preparing: SELECT count(0) FROM sys_logininfor 
14:39:54.573 [http-nio-80-exec-4] DEBUG c.r.p.monitor.logininfor.mapper.LogininforMapper.selectLogininforList_COUNT - ==> Parameters: 
14:39:54.576 [http-nio-80-exec-4] DEBUG c.r.p.monitor.logininfor.mapper.LogininforMapper.selectLogininforList_COUNT - <==      Total: 1
14:39:54.579 [http-nio-80-exec-4] DEBUG c.ruoyi.project.monitor.logininfor.mapper.LogininforMapper.selectLogininforList - ==>  Preparing: SELECT * FROM sys_logininfor order by login_time desc LIMIT ? 
14:39:54.580 [http-nio-80-exec-4] DEBUG c.ruoyi.project.monitor.logininfor.mapper.LogininforMapper.selectLogininforList - ==> Parameters: 10(Integer)
14:39:54.583 [http-nio-80-exec-4] DEBUG c.ruoyi.project.monitor.logininfor.mapper.LogininforMapper.selectLogininforList - <==      Total: 3
14:40:12.195 [http-nio-80-exec-8] DEBUG com.ruoyi.project.system.user.mapper.UserMapper.selectUserList_COUNT - ==>  Preparing: SELECT count(0) FROM sys_user 
14:40:12.196 [http-nio-80-exec-8] DEBUG com.ruoyi.project.system.user.mapper.UserMapper.selectUserList_COUNT - ==> Parameters: 
14:40:12.199 [http-nio-80-exec-8] DEBUG com.ruoyi.project.system.user.mapper.UserMapper.selectUserList_COUNT - <==      Total: 1
14:40:12.201 [http-nio-80-exec-7] DEBUG com.ruoyi.project.system.dept.mapper.DeptMapper.selectDeptAll - ==>  Preparing: select dept_id, parent_id, dept_name, order_num, leader, phone, email, status, create_by, create_time from sys_dept 
14:40:12.201 [http-nio-80-exec-8] DEBUG com.ruoyi.project.system.user.mapper.UserMapper.selectUserList - ==>  Preparing: SELECT user_id, dept_id, login_name, user_name, email, phonenumber, password, sex, avatar, salt, user_type, status, refuse_des, create_by, create_time FROM sys_user order by create_time desc LIMIT ? 
14:40:12.202 [http-nio-80-exec-7] DEBUG com.ruoyi.project.system.dept.mapper.DeptMapper.selectDeptAll - ==> Parameters: 
14:40:12.202 [http-nio-80-exec-8] DEBUG com.ruoyi.project.system.user.mapper.UserMapper.selectUserList - ==> Parameters: 10(Integer)
14:40:12.212 [http-nio-80-exec-8] DEBUG com.ruoyi.project.system.user.mapper.UserMapper.selectUserList - <==      Total: 2
14:40:12.223 [http-nio-80-exec-7] DEBUG com.ruoyi.project.system.dept.mapper.DeptMapper.selectDeptAll - <==      Total: 10
14:40:13.859 [http-nio-80-exec-2] DEBUG com.ruoyi.project.system.user.mapper.UserMapper.selectUserList_COUNT - ==>  Preparing: SELECT count(0) FROM sys_user WHERE dept_id IN (SELECT dept_id FROM sys_dept WHERE dept_id = ? OR parent_id = ?) 
14:40:13.863 [http-nio-80-exec-2] DEBUG com.ruoyi.project.system.user.mapper.UserMapper.selectUserList_COUNT - ==> Parameters: 103(Long), 103(Long)
14:40:13.895 [http-nio-80-exec-2] DEBUG com.ruoyi.project.system.user.mapper.UserMapper.selectUserList_COUNT - <==      Total: 1
14:40:14.818 [http-nio-80-exec-3] DEBUG com.ruoyi.project.system.user.mapper.UserMapper.selectUserList_COUNT - ==>  Preparing: SELECT count(0) FROM sys_user WHERE dept_id IN (SELECT dept_id FROM sys_dept WHERE dept_id = ? OR parent_id = ?) 
14:40:14.819 [http-nio-80-exec-3] DEBUG com.ruoyi.project.system.user.mapper.UserMapper.selectUserList_COUNT - ==> Parameters: 108(Long), 108(Long)
14:40:14.821 [http-nio-80-exec-3] DEBUG com.ruoyi.project.system.user.mapper.UserMapper.selectUserList_COUNT - <==      Total: 1
14:40:14.823 [http-nio-80-exec-3] DEBUG com.ruoyi.project.system.user.mapper.UserMapper.selectUserList - ==>  Preparing: SELECT user_id, dept_id, login_name, user_name, email, phonenumber, password, sex, avatar, salt, user_type, status, refuse_des, create_by, create_time FROM sys_user WHERE dept_id IN (SELECT dept_id FROM sys_dept WHERE dept_id = ? OR parent_id = ?) order by create_time desc LIMIT ? 
14:40:14.825 [http-nio-80-exec-3] DEBUG com.ruoyi.project.system.user.mapper.UserMapper.selectUserList - ==> Parameters: 108(Long), 108(Long), 10(Integer)
14:40:14.828 [http-nio-80-exec-3] DEBUG com.ruoyi.project.system.user.mapper.UserMapper.selectUserList - <==      Total: 1
14:40:19.977 [http-nio-80-exec-10] INFO  sys-user - [0:0:0:0:0:0:0:1][admin][Logout][退出成功]
14:40:19.978 [http-nio-80-exec-10] DEBUG com.ruoyi.project.monitor.logininfor.mapper.LogininforMapper.insertLogininfor - ==>  Preparing: insert into sys_logininfor (login_name, status, ipaddr, browser, os, msg, login_time) values (?, ?, ?, ?, ?, ?, sysdate()) 
14:40:19.979 [http-nio-80-exec-10] DEBUG com.ruoyi.project.monitor.logininfor.mapper.LogininforMapper.insertLogininfor - ==> Parameters: admin(String), 0(String), 0:0:0:0:0:0:0:1(String), Chrome(String), Windows 10(String), 退出成功(String)
14:40:20.055 [http-nio-80-exec-10] DEBUG com.ruoyi.project.monitor.logininfor.mapper.LogininforMapper.insertLogininfor - <==    Updates: 1
14:40:20.057 [http-nio-80-exec-10] DEBUG com.ruoyi.project.monitor.online.mapper.UserOnlineMapper.selectOnlineById - ==>  Preparing: select * from sys_user_online where sessionid = ? 
14:40:20.057 [http-nio-80-exec-10] DEBUG com.ruoyi.project.monitor.online.mapper.UserOnlineMapper.selectOnlineById - ==> Parameters: a9684ae2-052e-4542-bc04-bbbda0237a5a(String)
14:40:20.059 [http-nio-80-exec-10] DEBUG com.ruoyi.project.monitor.online.mapper.UserOnlineMapper.selectOnlineById - <==      Total: 1
14:40:20.060 [http-nio-80-exec-10] DEBUG com.ruoyi.project.monitor.online.mapper.UserOnlineMapper.deleteOnlineById - ==>  Preparing: delete from sys_user_online where sessionId = ? 
14:40:20.061 [http-nio-80-exec-10] DEBUG com.ruoyi.project.monitor.online.mapper.UserOnlineMapper.deleteOnlineById - ==> Parameters: a9684ae2-052e-4542-bc04-bbbda0237a5a(String)
14:40:20.122 [http-nio-80-exec-10] DEBUG com.ruoyi.project.monitor.online.mapper.UserOnlineMapper.deleteOnlineById - <==    Updates: 1
14:48:42.388 [pool-1-thread-1] INFO  com.ruoyi.framework.shiro.web.session.OnlineWebSessionManager - invalidation sessions...
14:48:42.389 [pool-1-thread-1] DEBUG com.ruoyi.project.monitor.online.mapper.UserOnlineMapper.selectOnlineByExpired - ==>  Preparing: SELECT * FROM sys_user_online o WHERE o.last_access_time <= ? ORDER BY o.last_access_time ASC 
14:48:42.389 [pool-1-thread-1] DEBUG com.ruoyi.project.monitor.online.mapper.UserOnlineMapper.selectOnlineByExpired - ==> Parameters: 2018-08-15 14:18:42(String)
14:48:42.391 [pool-1-thread-1] DEBUG com.ruoyi.project.monitor.online.mapper.UserOnlineMapper.selectOnlineByExpired - <==      Total: 0
14:48:42.391 [pool-1-thread-1] INFO  com.ruoyi.framework.shiro.web.session.OnlineWebSessionManager - Finished invalidation session. No sessions were stopped.
14:58:42.389 [pool-1-thread-1] INFO  com.ruoyi.framework.shiro.web.session.OnlineWebSessionManager - invalidation sessions...
14:58:42.390 [pool-1-thread-1] DEBUG com.ruoyi.project.monitor.online.mapper.UserOnlineMapper.selectOnlineByExpired - ==>  Preparing: SELECT * FROM sys_user_online o WHERE o.last_access_time <= ? ORDER BY o.last_access_time ASC 
14:58:42.390 [pool-1-thread-1] DEBUG com.ruoyi.project.monitor.online.mapper.UserOnlineMapper.selectOnlineByExpired - ==> Parameters: 2018-08-15 14:28:42(String)
14:58:42.393 [pool-1-thread-1] DEBUG com.ruoyi.project.monitor.online.mapper.UserOnlineMapper.selectOnlineByExpired - <==      Total: 0
14:58:42.393 [pool-1-thread-1] INFO  com.ruoyi.framework.shiro.web.session.OnlineWebSessionManager - Finished invalidation session. No sessions were stopped.
15:46:03.162 [restartedMain] INFO  com.ruoyi.RuoYiApplication - Starting RuoYiApplication on wk_4 with PID 22788 (D:\codelyq\FirstCode\RuoYi\target\classes started by liuyangqi in D:\codelyq\FirstCode\RuoYi)
15:46:03.167 [restartedMain] DEBUG com.ruoyi.RuoYiApplication - Running with Spring Boot v1.5.10.RELEASE, Spring v4.3.14.RELEASE
15:46:03.168 [restartedMain] INFO  com.ruoyi.RuoYiApplication - The following profiles are active: druid
15:46:03.609 [background-preinit] INFO  org.hibernate.validator.internal.util.Version - HV000001: Hibernate Validator 5.3.6.Final
15:46:07.552 [restartedMain] INFO  org.apache.shiro.cache.ehcache.EhCacheManager - Cache with name 'com.ruoyi.framework.shiro.realm.UserRealm.authorizationCache' does not yet exist.  Creating now.
15:46:07.553 [restartedMain] INFO  org.apache.shiro.cache.ehcache.EhCacheManager - Added EhCache named [com.ruoyi.framework.shiro.realm.UserRealm.authorizationCache]
15:46:08.275 [restartedMain] INFO  com.alibaba.druid.pool.DruidDataSource - {dataSource-1} inited
15:46:09.015 [restartedMain] INFO  org.apache.shiro.cache.ehcache.EhCacheManager - Using existing EHCache named [loginRecordCache]
15:46:11.117 [restartedMain] INFO  org.apache.catalina.core.StandardService - Starting service [Tomcat]
15:46:11.119 [restartedMain] INFO  org.apache.catalina.core.StandardEngine - Starting Servlet Engine: Apache Tomcat/8.5.27
15:46:11.458 [localhost-startStop-1] INFO  org.apache.catalina.core.ContainerBase.[Tomcat].[localhost].[/] - Initializing Spring embedded WebApplicationContext
15:46:12.340 [restartedMain] INFO  org.quartz.impl.StdSchedulerFactory - Using default implementation for ThreadExecutor
15:46:12.367 [restartedMain] INFO  org.quartz.core.SchedulerSignalerImpl - Initialized Scheduler Signaller of type: class org.quartz.core.SchedulerSignalerImpl
15:46:12.367 [restartedMain] INFO  org.quartz.core.QuartzScheduler - Quartz Scheduler v.2.3.0 created.
15:46:12.387 [restartedMain] INFO  org.quartz.core.QuartzScheduler - Scheduler meta-data: Quartz Scheduler (v2.3.0) 'RuoyiScheduler' with instanceId 'wk_41534319172344'
  Scheduler class: 'org.quartz.core.QuartzScheduler' - running locally.
  NOT STARTED.
  Currently in standby mode.
  Number of jobs executed: 0
  Using thread pool 'org.quartz.simpl.SimpleThreadPool' - with 20 threads.
  Using job-store 'org.springframework.scheduling.quartz.LocalDataSourceJobStore' - which supports persistence. and is clustered.

15:46:12.387 [restartedMain] INFO  org.quartz.impl.StdSchedulerFactory - Quartz scheduler 'RuoyiScheduler' initialized from an externally provided properties instance.
15:46:12.388 [restartedMain] INFO  org.quartz.impl.StdSchedulerFactory - Quartz scheduler version: 2.3.0
15:46:12.391 [restartedMain] INFO  org.quartz.core.QuartzScheduler - JobFactory set to: org.springframework.scheduling.quartz.AdaptableJobFactory@5486961
15:46:12.452 [restartedMain] DEBUG com.ruoyi.project.monitor.job.mapper.JobMapper.selectJobAll - ==>  Preparing: SELECT job_id, job_name, job_group, method_name, params, cron_expression, status, create_by, create_time FROM sys_job 
15:46:12.618 [restartedMain] DEBUG com.ruoyi.project.monitor.job.mapper.JobMapper.selectJobAll - ==> Parameters: 
15:46:12.661 [restartedMain] DEBUG com.ruoyi.project.monitor.job.mapper.JobMapper.selectJobAll - <==      Total: 2
15:46:15.225 [restartedMain] WARN  org.thymeleaf.templatemode.TemplateMode - [THYMELEAF][restartedMain] Template Mode 'LEGACYHTML5' is deprecated. Using Template Mode 'HTML' instead.
15:46:16.838 [restartedMain] INFO  org.apache.coyote.http11.Http11NioProtocol - Initializing ProtocolHandler ["http-nio-80"]
15:46:16.860 [restartedMain] INFO  org.apache.coyote.http11.Http11NioProtocol - Starting ProtocolHandler ["http-nio-80"]
15:46:16.900 [restartedMain] INFO  org.apache.tomcat.util.net.NioSelectorPool - Using a shared selector for servlet write/read
15:46:16.962 [restartedMain] INFO  com.ruoyi.RuoYiApplication - Started RuoYiApplication in 14.576 seconds (JVM running for 16.449)
15:46:17.930 [Quartz Scheduler [RuoyiScheduler]] INFO  org.quartz.core.QuartzScheduler - Scheduler RuoyiScheduler_$_wk_41534319172344 started.
15:46:28.597 [http-nio-80-exec-1] INFO  org.apache.tomcat.util.http.parser.Cookie - A cookie header was received [1534144320; _lpt_=3f9a2ff394564d8489d09ea24e959c66; BJEV_SESSIONID=38b6fa270b194d5ea548514f93ca3eab; pgv_pvi=601934848; pgv_si=s6786848768; JSESSIONID=25322238-ee9c-44f8-97a4-a5882f295e3b; Hm_lpvt_ba7c84ce230944c13900faeba642b2b4=1534315221] that contained an invalid cookie. That cookie will be ignored.Note: further occurrences of this error will be logged at DEBUG level.
15:46:28.611 [http-nio-80-exec-1] INFO  org.apache.catalina.core.ContainerBase.[Tomcat].[localhost].[/] - Initializing Spring FrameworkServlet 'dispatcherServlet'
15:46:28.707 [http-nio-80-exec-1] INFO  org.apache.shiro.session.mgt.AbstractValidatingSessionManager - Enabling session validation scheduler...
15:46:28.708 [http-nio-80-exec-1] DEBUG com.ruoyi.framework.shiro.web.session.SpringSessionValidationScheduler - Scheduling session validation job using Spring Scheduler with session validation interval of [600000]ms...
15:46:28.709 [http-nio-80-exec-1] DEBUG com.ruoyi.framework.shiro.web.session.SpringSessionValidationScheduler - Session validation job successfully scheduled with Spring Scheduler.
15:46:28.726 [http-nio-80-exec-1] INFO  org.apache.shiro.cache.ehcache.EhCacheManager - Using existing EHCache named [shiro-activeSessionCache]
15:46:28.740 [http-nio-80-exec-1] DEBUG com.ruoyi.project.monitor.online.mapper.UserOnlineMapper.selectOnlineById - ==>  Preparing: select * from sys_user_online where sessionid = ? 
15:46:28.742 [http-nio-80-exec-1] DEBUG com.ruoyi.project.monitor.online.mapper.UserOnlineMapper.selectOnlineById - ==> Parameters: 25322238-ee9c-44f8-97a4-a5882f295e3b(String)
15:46:28.748 [http-nio-80-exec-1] DEBUG com.ruoyi.project.monitor.online.mapper.UserOnlineMapper.selectOnlineById - <==      Total: 0
15:46:29.725 [pool-1-thread-1] INFO  com.ruoyi.framework.shiro.web.session.OnlineWebSessionManager - invalidation sessions...
15:46:29.753 [pool-1-thread-1] DEBUG com.ruoyi.project.monitor.online.mapper.UserOnlineMapper.selectOnlineByExpired - ==>  Preparing: SELECT * FROM sys_user_online o WHERE o.last_access_time <= ? ORDER BY o.last_access_time ASC 
15:46:29.755 [pool-1-thread-1] DEBUG com.ruoyi.project.monitor.online.mapper.UserOnlineMapper.selectOnlineByExpired - ==> Parameters: 2018-08-15 15:16:29(String)
15:46:29.760 [pool-1-thread-1] DEBUG com.ruoyi.project.monitor.online.mapper.UserOnlineMapper.selectOnlineByExpired - <==      Total: 0
15:46:29.761 [pool-1-thread-1] INFO  com.ruoyi.framework.shiro.web.session.OnlineWebSessionManager - Finished invalidation session. No sessions were stopped.
15:47:11.764 [http-nio-80-exec-7] DEBUG com.ruoyi.project.system.user.mapper.UserMapper.selectUserByLoginName - ==>  Preparing: select u.user_id, u.dept_id, u.login_name, u.user_name, u.email, u.phonenumber, u.sex, u.avatar, u.password, u.salt, u.status, u.refuse_des, u.login_ip, u.login_date, u.create_time, d.dept_id, d.parent_id, d.dept_name, d.order_num, d.status as dept_status from sys_user u left join sys_dept d on u.dept_id = d.dept_id left join sys_user_role ur on u.user_id = ur.user_id where u.login_name = ? 
15:47:11.766 [http-nio-80-exec-7] DEBUG com.ruoyi.project.system.user.mapper.UserMapper.selectUserByLoginName - ==> Parameters: admin(String)
15:47:11.773 [http-nio-80-exec-7] DEBUG com.ruoyi.project.system.user.mapper.UserMapper.selectUserByLoginName - <==      Total: 1
15:47:11.832 [http-nio-80-exec-7] INFO  sys-user - [0:0:0:0:0:0:0:1][admin][Success][登录成功]
15:47:11.833 [http-nio-80-exec-7] DEBUG com.ruoyi.project.monitor.logininfor.mapper.LogininforMapper.insertLogininfor - ==>  Preparing: insert into sys_logininfor (login_name, status, ipaddr, browser, os, msg, login_time) values (?, ?, ?, ?, ?, ?, sysdate()) 
15:47:11.836 [http-nio-80-exec-7] DEBUG com.ruoyi.project.monitor.logininfor.mapper.LogininforMapper.insertLogininfor - ==> Parameters: admin(String), 0(String), 0:0:0:0:0:0:0:1(String), Chrome(String), Windows 10(String), 登录成功(String)
15:47:11.884 [http-nio-80-exec-7] DEBUG com.ruoyi.project.monitor.logininfor.mapper.LogininforMapper.insertLogininfor - <==    Updates: 1
15:47:11.920 [http-nio-80-exec-7] DEBUG com.ruoyi.project.system.user.mapper.UserMapper.updateUser - ==>  Preparing: update sys_user SET dept_id = ?, login_name = ?, user_name = ?, email = ?, phonenumber = ?, sex = ?, password = ?, salt = ?, status = ?, refuse_des = ?, login_ip = ?, login_date = ?, update_time = sysdate() where 1=1 and user_id = ? 
15:47:11.923 [http-nio-80-exec-7] DEBUG com.ruoyi.project.system.user.mapper.UserMapper.updateUser - ==> Parameters: 106(Long), admin(String), 若依(String), ry@163.com(String), 15888888888(String), 1(String), 29c67a30398638269fe600f73a054934(String), 111111(String), 0(Integer), 正常(String), 0:0:0:0:0:0:0:1(String), 2018-08-15 15:47:11.885(Timestamp), 1(Long)
15:47:11.963 [http-nio-80-exec-7] DEBUG com.ruoyi.project.system.user.mapper.UserMapper.updateUser - <==    Updates: 1
15:47:12.037 [http-nio-80-exec-4] DEBUG com.ruoyi.project.system.menu.mapper.MenuMapper.selectMenusByUserId - ==>  Preparing: select distinct m.menu_id, m.parent_id, m.menu_name, m.url, m.perms , m.menu_type, m.icon, m.order_num, m.create_time from sys_menu m left join sys_role_menu rm on m.menu_id = rm.menu_id left join sys_user_role ur on rm.role_id = ur.role_id where ur.user_id = ? and m.menu_type in ('M', 'C') and m.visible = 0 order by m.order_num 
15:47:12.042 [http-nio-80-exec-4] DEBUG com.ruoyi.project.system.menu.mapper.MenuMapper.selectMenusByUserId - ==> Parameters: 1(Long)
15:47:12.070 [http-nio-80-exec-4] DEBUG com.ruoyi.project.system.menu.mapper.MenuMapper.selectMenusByUserId - <==      Total: 17
15:47:12.106 [http-nio-80-exec-4] DEBUG com.ruoyi.project.system.config.mapper.ConfigMapper.selectConfigByKey - ==>  Preparing: select config_id, config_name, config_key, config_value, config_type, create_by, create_time, update_by, update_time, remark from sys_config where config_key = ? 
15:47:12.108 [http-nio-80-exec-4] DEBUG com.ruoyi.project.system.config.mapper.ConfigMapper.selectConfigByKey - ==> Parameters: sys.index.skinName(String)
15:47:12.112 [http-nio-80-exec-4] DEBUG com.ruoyi.project.system.config.mapper.ConfigMapper.selectConfigByKey - <==      Total: 1
15:47:12.190 [http-nio-80-exec-5] DEBUG com.ruoyi.project.monitor.online.mapper.UserOnlineMapper.saveOnline - ==>  Preparing: replace into sys_user_online(sessionId, login_name, dept_name, ipaddr, browser, os, status, start_timestsamp, last_access_time, expire_time) values (?, ?, ?, ?, ?, ?, ?, ?, ?, ?) 
15:47:12.235 [http-nio-80-exec-5] DEBUG com.ruoyi.project.monitor.online.mapper.UserOnlineMapper.saveOnline - ==> Parameters: 8c8bb95d-8765-465c-9c90-763b67f7e0bf(String), admin(String), 研发一部(String), 0:0:0:0:0:0:0:1(String), Chrome(String), Windows 10(String), on_line(String), 2018-08-15 15:46:28.76(Timestamp), 2018-08-15 15:47:12.189(Timestamp), 1800000(Long)
15:47:12.290 [http-nio-80-exec-5] DEBUG com.ruoyi.project.monitor.online.mapper.UserOnlineMapper.saveOnline - <==    Updates: 1
15:47:43.597 [http-nio-80-exec-8] INFO  sys-user - [0:0:0:0:0:0:0:1][admin][Logout][退出成功]
15:47:43.598 [http-nio-80-exec-8] DEBUG com.ruoyi.project.monitor.logininfor.mapper.LogininforMapper.insertLogininfor - ==>  Preparing: insert into sys_logininfor (login_name, status, ipaddr, browser, os, msg, login_time) values (?, ?, ?, ?, ?, ?, sysdate()) 
15:47:43.599 [http-nio-80-exec-8] DEBUG com.ruoyi.project.monitor.logininfor.mapper.LogininforMapper.insertLogininfor - ==> Parameters: admin(String), 0(String), 0:0:0:0:0:0:0:1(String), Chrome(String), Windows 10(String), 退出成功(String)
15:47:43.674 [http-nio-80-exec-8] DEBUG com.ruoyi.project.monitor.logininfor.mapper.LogininforMapper.insertLogininfor - <==    Updates: 1
15:47:43.677 [http-nio-80-exec-8] DEBUG com.ruoyi.project.monitor.online.mapper.UserOnlineMapper.selectOnlineById - ==>  Preparing: select * from sys_user_online where sessionid = ? 
15:47:43.677 [http-nio-80-exec-8] DEBUG com.ruoyi.project.monitor.online.mapper.UserOnlineMapper.selectOnlineById - ==> Parameters: 8c8bb95d-8765-465c-9c90-763b67f7e0bf(String)
15:47:43.680 [http-nio-80-exec-8] DEBUG com.ruoyi.project.monitor.online.mapper.UserOnlineMapper.selectOnlineById - <==      Total: 1
15:47:43.680 [http-nio-80-exec-8] DEBUG com.ruoyi.project.monitor.online.mapper.UserOnlineMapper.deleteOnlineById - ==>  Preparing: delete from sys_user_online where sessionId = ? 
15:47:43.681 [http-nio-80-exec-8] DEBUG com.ruoyi.project.monitor.online.mapper.UserOnlineMapper.deleteOnlineById - ==> Parameters: 8c8bb95d-8765-465c-9c90-763b67f7e0bf(String)
15:47:43.740 [http-nio-80-exec-8] DEBUG com.ruoyi.project.monitor.online.mapper.UserOnlineMapper.deleteOnlineById - <==    Updates: 1
15:50:24.703 [restartedMain] INFO  com.ruoyi.RuoYiApplication - Starting RuoYiApplication on wk_4 with PID 5380 (D:\codelyq\FirstCode\RuoYi\target\classes started by liuyangqi in D:\codelyq\FirstCode\RuoYi)
15:50:24.713 [restartedMain] DEBUG com.ruoyi.RuoYiApplication - Running with Spring Boot v1.5.10.RELEASE, Spring v4.3.14.RELEASE
15:50:24.713 [restartedMain] INFO  com.ruoyi.RuoYiApplication - The following profiles are active: druid
15:50:25.258 [background-preinit] INFO  org.hibernate.validator.internal.util.Version - HV000001: Hibernate Validator 5.3.6.Final
15:50:28.546 [restartedMain] INFO  org.apache.shiro.cache.ehcache.EhCacheManager - Cache with name 'com.ruoyi.framework.shiro.realm.UserRealm.authorizationCache' does not yet exist.  Creating now.
15:50:28.548 [restartedMain] INFO  org.apache.shiro.cache.ehcache.EhCacheManager - Added EhCache named [com.ruoyi.framework.shiro.realm.UserRealm.authorizationCache]
15:50:29.390 [restartedMain] INFO  com.alibaba.druid.pool.DruidDataSource - {dataSource-1} inited
15:50:30.045 [restartedMain] INFO  org.apache.shiro.cache.ehcache.EhCacheManager - Using existing EHCache named [loginRecordCache]
15:50:32.811 [restartedMain] INFO  org.apache.catalina.core.StandardService - Starting service [Tomcat]
15:50:32.813 [restartedMain] INFO  org.apache.catalina.core.StandardEngine - Starting Servlet Engine: Apache Tomcat/8.5.27
15:50:33.182 [localhost-startStop-1] INFO  org.apache.catalina.core.ContainerBase.[Tomcat].[localhost].[/] - Initializing Spring embedded WebApplicationContext
15:50:34.666 [restartedMain] INFO  org.quartz.impl.StdSchedulerFactory - Using default implementation for ThreadExecutor
15:50:34.698 [restartedMain] INFO  org.quartz.core.SchedulerSignalerImpl - Initialized Scheduler Signaller of type: class org.quartz.core.SchedulerSignalerImpl
15:50:34.699 [restartedMain] INFO  org.quartz.core.QuartzScheduler - Quartz Scheduler v.2.3.0 created.
15:50:34.725 [restartedMain] INFO  org.quartz.core.QuartzScheduler - Scheduler meta-data: Quartz Scheduler (v2.3.0) 'RuoyiScheduler' with instanceId 'wk_41534319434671'
  Scheduler class: 'org.quartz.core.QuartzScheduler' - running locally.
  NOT STARTED.
  Currently in standby mode.
  Number of jobs executed: 0
  Using thread pool 'org.quartz.simpl.SimpleThreadPool' - with 20 threads.
  Using job-store 'org.springframework.scheduling.quartz.LocalDataSourceJobStore' - which supports persistence. and is clustered.

15:50:34.726 [restartedMain] INFO  org.quartz.impl.StdSchedulerFactory - Quartz scheduler 'RuoyiScheduler' initialized from an externally provided properties instance.
15:50:34.726 [restartedMain] INFO  org.quartz.impl.StdSchedulerFactory - Quartz scheduler version: 2.3.0
15:50:34.732 [restartedMain] INFO  org.quartz.core.QuartzScheduler - JobFactory set to: org.springframework.scheduling.quartz.AdaptableJobFactory@2c862af7
15:50:34.816 [restartedMain] DEBUG com.ruoyi.project.monitor.job.mapper.JobMapper.selectJobAll - ==>  Preparing: SELECT job_id, job_name, job_group, method_name, params, cron_expression, status, create_by, create_time FROM sys_job 
15:50:35.005 [restartedMain] DEBUG com.ruoyi.project.monitor.job.mapper.JobMapper.selectJobAll - ==> Parameters: 
15:50:35.040 [restartedMain] DEBUG com.ruoyi.project.monitor.job.mapper.JobMapper.selectJobAll - <==      Total: 2
15:50:38.539 [restartedMain] WARN  org.thymeleaf.templatemode.TemplateMode - [THYMELEAF][restartedMain] Template Mode 'LEGACYHTML5' is deprecated. Using Template Mode 'HTML' instead.
15:50:40.936 [restartedMain] INFO  org.apache.coyote.http11.Http11NioProtocol - Initializing ProtocolHandler ["http-nio-80"]
15:50:40.961 [restartedMain] INFO  org.apache.coyote.http11.Http11NioProtocol - Starting ProtocolHandler ["http-nio-80"]
15:50:41.000 [restartedMain] INFO  org.apache.tomcat.util.net.NioSelectorPool - Using a shared selector for servlet write/read
15:50:41.068 [restartedMain] INFO  com.ruoyi.RuoYiApplication - Started RuoYiApplication in 17.193 seconds (JVM running for 19.741)
15:50:42.006 [Quartz Scheduler [RuoyiScheduler]] INFO  org.quartz.core.QuartzScheduler - Scheduler RuoyiScheduler_$_wk_41534319434671 started.
15:50:44.459 [http-nio-80-exec-1] INFO  org.apache.tomcat.util.http.parser.Cookie - A cookie header was received [1534144320; _lpt_=3f9a2ff394564d8489d09ea24e959c66; BJEV_SESSIONID=38b6fa270b194d5ea548514f93ca3eab; pgv_pvi=601934848; pgv_si=s6786848768; JSESSIONID=a59f26a4-5fbc-4f82-a35b-9b0056edf692; Hm_lpvt_ba7c84ce230944c13900faeba642b2b4=1534319265] that contained an invalid cookie. That cookie will be ignored.Note: further occurrences of this error will be logged at DEBUG level.
15:50:44.466 [http-nio-80-exec-1] INFO  org.apache.catalina.core.ContainerBase.[Tomcat].[localhost].[/] - Initializing Spring FrameworkServlet 'dispatcherServlet'
15:50:44.553 [http-nio-80-exec-1] INFO  org.apache.shiro.session.mgt.AbstractValidatingSessionManager - Enabling session validation scheduler...
15:50:44.554 [http-nio-80-exec-1] DEBUG com.ruoyi.framework.shiro.web.session.SpringSessionValidationScheduler - Scheduling session validation job using Spring Scheduler with session validation interval of [600000]ms...
15:50:44.558 [http-nio-80-exec-1] DEBUG com.ruoyi.framework.shiro.web.session.SpringSessionValidationScheduler - Session validation job successfully scheduled with Spring Scheduler.
15:50:44.561 [http-nio-80-exec-1] INFO  org.apache.shiro.cache.ehcache.EhCacheManager - Using existing EHCache named [shiro-activeSessionCache]
15:50:44.574 [http-nio-80-exec-1] DEBUG com.ruoyi.project.monitor.online.mapper.UserOnlineMapper.selectOnlineById - ==>  Preparing: select * from sys_user_online where sessionid = ? 
15:50:44.577 [http-nio-80-exec-1] DEBUG com.ruoyi.project.monitor.online.mapper.UserOnlineMapper.selectOnlineById - ==> Parameters: a59f26a4-5fbc-4f82-a35b-9b0056edf692(String)
15:50:44.591 [http-nio-80-exec-1] DEBUG com.ruoyi.project.monitor.online.mapper.UserOnlineMapper.selectOnlineById - <==      Total: 0
15:50:45.564 [pool-1-thread-1] INFO  com.ruoyi.framework.shiro.web.session.OnlineWebSessionManager - invalidation sessions...
15:50:45.579 [pool-1-thread-1] DEBUG com.ruoyi.project.monitor.online.mapper.UserOnlineMapper.selectOnlineByExpired - ==>  Preparing: SELECT * FROM sys_user_online o WHERE o.last_access_time <= ? ORDER BY o.last_access_time ASC 
15:50:45.581 [pool-1-thread-1] DEBUG com.ruoyi.project.monitor.online.mapper.UserOnlineMapper.selectOnlineByExpired - ==> Parameters: 2018-08-15 15:20:45(String)
15:50:45.590 [pool-1-thread-1] DEBUG com.ruoyi.project.monitor.online.mapper.UserOnlineMapper.selectOnlineByExpired - <==      Total: 0
15:50:45.591 [pool-1-thread-1] INFO  com.ruoyi.framework.shiro.web.session.OnlineWebSessionManager - Finished invalidation session. No sessions were stopped.
15:50:46.135 [http-nio-80-exec-2] DEBUG com.ruoyi.project.monitor.online.mapper.UserOnlineMapper.selectOnlineById - ==>  Preparing: select * from sys_user_online where sessionid = ? 
15:50:46.137 [http-nio-80-exec-3] DEBUG com.ruoyi.project.monitor.online.mapper.UserOnlineMapper.selectOnlineById - ==>  Preparing: select * from sys_user_online where sessionid = ? 
15:50:46.137 [http-nio-80-exec-2] DEBUG com.ruoyi.project.monitor.online.mapper.UserOnlineMapper.selectOnlineById - ==> Parameters: a59f26a4-5fbc-4f82-a35b-9b0056edf692(String)
15:50:46.138 [http-nio-80-exec-3] DEBUG com.ruoyi.project.monitor.online.mapper.UserOnlineMapper.selectOnlineById - ==> Parameters: a59f26a4-5fbc-4f82-a35b-9b0056edf692(String)
15:50:46.148 [http-nio-80-exec-2] DEBUG com.ruoyi.project.monitor.online.mapper.UserOnlineMapper.selectOnlineById - <==      Total: 0
15:50:46.150 [http-nio-80-exec-5] DEBUG com.ruoyi.project.monitor.online.mapper.UserOnlineMapper.selectOnlineById - ==>  Preparing: select * from sys_user_online where sessionid = ? 
15:50:46.151 [http-nio-80-exec-5] DEBUG com.ruoyi.project.monitor.online.mapper.UserOnlineMapper.selectOnlineById - ==> Parameters: a59f26a4-5fbc-4f82-a35b-9b0056edf692(String)
15:50:46.151 [http-nio-80-exec-3] DEBUG com.ruoyi.project.monitor.online.mapper.UserOnlineMapper.selectOnlineById - <==      Total: 0
15:50:46.159 [http-nio-80-exec-5] DEBUG com.ruoyi.project.monitor.online.mapper.UserOnlineMapper.selectOnlineById - <==      Total: 0
15:50:46.160 [http-nio-80-exec-4] DEBUG com.ruoyi.project.monitor.online.mapper.UserOnlineMapper.selectOnlineById - ==>  Preparing: select * from sys_user_online where sessionid = ? 
15:50:46.161 [http-nio-80-exec-4] DEBUG com.ruoyi.project.monitor.online.mapper.UserOnlineMapper.selectOnlineById - ==> Parameters: a59f26a4-5fbc-4f82-a35b-9b0056edf692(String)
15:50:46.173 [http-nio-80-exec-4] DEBUG com.ruoyi.project.monitor.online.mapper.UserOnlineMapper.selectOnlineById - <==      Total: 0
15:50:46.182 [http-nio-80-exec-6] DEBUG com.ruoyi.project.monitor.online.mapper.UserOnlineMapper.selectOnlineById - ==>  Preparing: select * from sys_user_online where sessionid = ? 
15:50:46.187 [http-nio-80-exec-6] DEBUG com.ruoyi.project.monitor.online.mapper.UserOnlineMapper.selectOnlineById - ==> Parameters: a59f26a4-5fbc-4f82-a35b-9b0056edf692(String)
15:50:46.184 [http-nio-80-exec-7] DEBUG com.ruoyi.project.monitor.online.mapper.UserOnlineMapper.selectOnlineById - ==>  Preparing: select * from sys_user_online where sessionid = ? 
15:50:46.190 [http-nio-80-exec-7] DEBUG com.ruoyi.project.monitor.online.mapper.UserOnlineMapper.selectOnlineById - ==> Parameters: a59f26a4-5fbc-4f82-a35b-9b0056edf692(String)
15:50:46.201 [http-nio-80-exec-6] DEBUG com.ruoyi.project.monitor.online.mapper.UserOnlineMapper.selectOnlineById - <==      Total: 0
15:50:46.208 [http-nio-80-exec-7] DEBUG com.ruoyi.project.monitor.online.mapper.UserOnlineMapper.selectOnlineById - <==      Total: 0
15:50:46.228 [http-nio-80-exec-8] DEBUG com.ruoyi.project.monitor.online.mapper.UserOnlineMapper.selectOnlineById - ==>  Preparing: select * from sys_user_online where sessionid = ? 
15:50:46.229 [http-nio-80-exec-8] DEBUG com.ruoyi.project.monitor.online.mapper.UserOnlineMapper.selectOnlineById - ==> Parameters: a59f26a4-5fbc-4f82-a35b-9b0056edf692(String)
15:50:46.232 [http-nio-80-exec-8] DEBUG com.ruoyi.project.monitor.online.mapper.UserOnlineMapper.selectOnlineById - <==      Total: 0
15:50:46.246 [http-nio-80-exec-9] DEBUG com.ruoyi.project.monitor.online.mapper.UserOnlineMapper.selectOnlineById - ==>  Preparing: select * from sys_user_online where sessionid = ? 
15:50:46.247 [http-nio-80-exec-9] DEBUG com.ruoyi.project.monitor.online.mapper.UserOnlineMapper.selectOnlineById - ==> Parameters: a59f26a4-5fbc-4f82-a35b-9b0056edf692(String)
15:50:46.255 [http-nio-80-exec-9] DEBUG com.ruoyi.project.monitor.online.mapper.UserOnlineMapper.selectOnlineById - <==      Total: 0
15:50:46.266 [http-nio-80-exec-10] DEBUG com.ruoyi.project.monitor.online.mapper.UserOnlineMapper.selectOnlineById - ==>  Preparing: select * from sys_user_online where sessionid = ? 
15:50:46.268 [http-nio-80-exec-10] DEBUG com.ruoyi.project.monitor.online.mapper.UserOnlineMapper.selectOnlineById - ==> Parameters: a59f26a4-5fbc-4f82-a35b-9b0056edf692(String)
15:50:46.279 [http-nio-80-exec-10] DEBUG com.ruoyi.project.monitor.online.mapper.UserOnlineMapper.selectOnlineById - <==      Total: 0
15:50:46.286 [http-nio-80-exec-9] DEBUG com.ruoyi.project.monitor.online.mapper.UserOnlineMapper.selectOnlineById - ==>  Preparing: select * from sys_user_online where sessionid = ? 
15:50:46.287 [http-nio-80-exec-9] DEBUG com.ruoyi.project.monitor.online.mapper.UserOnlineMapper.selectOnlineById - ==> Parameters: a59f26a4-5fbc-4f82-a35b-9b0056edf692(String)
15:50:46.280 [http-nio-80-exec-5] DEBUG com.ruoyi.project.monitor.online.mapper.UserOnlineMapper.selectOnlineById - ==>  Preparing: select * from sys_user_online where sessionid = ? 
15:50:46.290 [http-nio-80-exec-5] DEBUG com.ruoyi.project.monitor.online.mapper.UserOnlineMapper.selectOnlineById - ==> Parameters: a59f26a4-5fbc-4f82-a35b-9b0056edf692(String)
15:50:46.295 [http-nio-80-exec-9] DEBUG com.ruoyi.project.monitor.online.mapper.UserOnlineMapper.selectOnlineById - <==      Total: 0
15:50:46.299 [http-nio-80-exec-10] DEBUG com.ruoyi.project.monitor.online.mapper.UserOnlineMapper.selectOnlineById - ==>  Preparing: select * from sys_user_online where sessionid = ? 
15:50:46.300 [http-nio-80-exec-10] DEBUG com.ruoyi.project.monitor.online.mapper.UserOnlineMapper.selectOnlineById - ==> Parameters: a59f26a4-5fbc-4f82-a35b-9b0056edf692(String)
15:50:46.304 [http-nio-80-exec-5] DEBUG com.ruoyi.project.monitor.online.mapper.UserOnlineMapper.selectOnlineById - <==      Total: 0
15:50:46.306 [http-nio-80-exec-10] DEBUG com.ruoyi.project.monitor.online.mapper.UserOnlineMapper.selectOnlineById - <==      Total: 0
15:50:46.322 [http-nio-80-exec-2] DEBUG com.ruoyi.project.monitor.online.mapper.UserOnlineMapper.selectOnlineById - ==>  Preparing: select * from sys_user_online where sessionid = ? 
15:50:46.324 [http-nio-80-exec-2] DEBUG com.ruoyi.project.monitor.online.mapper.UserOnlineMapper.selectOnlineById - ==> Parameters: a59f26a4-5fbc-4f82-a35b-9b0056edf692(String)
15:50:46.327 [http-nio-80-exec-1] DEBUG com.ruoyi.project.monitor.online.mapper.UserOnlineMapper.selectOnlineById - ==>  Preparing: select * from sys_user_online where sessionid = ? 
15:50:46.341 [http-nio-80-exec-1] DEBUG com.ruoyi.project.monitor.online.mapper.UserOnlineMapper.selectOnlineById - ==> Parameters: a59f26a4-5fbc-4f82-a35b-9b0056edf692(String)
15:50:46.344 [http-nio-80-exec-2] DEBUG com.ruoyi.project.monitor.online.mapper.UserOnlineMapper.selectOnlineById - <==      Total: 0
15:50:46.353 [http-nio-80-exec-1] DEBUG com.ruoyi.project.monitor.online.mapper.UserOnlineMapper.selectOnlineById - <==      Total: 0
15:50:46.353 [http-nio-80-exec-7] DEBUG com.ruoyi.project.monitor.online.mapper.UserOnlineMapper.selectOnlineById - ==>  Preparing: select * from sys_user_online where sessionid = ? 
15:50:46.378 [http-nio-80-exec-7] DEBUG com.ruoyi.project.monitor.online.mapper.UserOnlineMapper.selectOnlineById - ==> Parameters: a59f26a4-5fbc-4f82-a35b-9b0056edf692(String)
15:50:46.406 [http-nio-80-exec-7] DEBUG com.ruoyi.project.monitor.online.mapper.UserOnlineMapper.selectOnlineById - <==      Total: 0
15:50:46.408 [http-nio-80-exec-6] DEBUG com.ruoyi.project.monitor.online.mapper.UserOnlineMapper.selectOnlineById - ==>  Preparing: select * from sys_user_online where sessionid = ? 
15:50:46.409 [http-nio-80-exec-6] DEBUG com.ruoyi.project.monitor.online.mapper.UserOnlineMapper.selectOnlineById - ==> Parameters: a59f26a4-5fbc-4f82-a35b-9b0056edf692(String)
15:50:46.432 [http-nio-80-exec-9] DEBUG com.ruoyi.project.monitor.online.mapper.UserOnlineMapper.selectOnlineById - ==>  Preparing: select * from sys_user_online where sessionid = ? 
15:50:46.434 [http-nio-80-exec-9] DEBUG com.ruoyi.project.monitor.online.mapper.UserOnlineMapper.selectOnlineById - ==> Parameters: a59f26a4-5fbc-4f82-a35b-9b0056edf692(String)
15:50:46.438 [http-nio-80-exec-6] DEBUG com.ruoyi.project.monitor.online.mapper.UserOnlineMapper.selectOnlineById - <==      Total: 0
15:50:46.461 [http-nio-80-exec-9] DEBUG com.ruoyi.project.monitor.online.mapper.UserOnlineMapper.selectOnlineById - <==      Total: 0
15:50:46.510 [http-nio-80-exec-3] DEBUG com.ruoyi.project.monitor.online.mapper.UserOnlineMapper.selectOnlineById - ==>  Preparing: select * from sys_user_online where sessionid = ? 
15:50:46.511 [http-nio-80-exec-3] DEBUG com.ruoyi.project.monitor.online.mapper.UserOnlineMapper.selectOnlineById - ==> Parameters: a59f26a4-5fbc-4f82-a35b-9b0056edf692(String)
15:50:46.520 [http-nio-80-exec-3] DEBUG com.ruoyi.project.monitor.online.mapper.UserOnlineMapper.selectOnlineById - <==      Total: 0
15:50:46.680 [http-nio-80-exec-4] DEBUG com.ruoyi.project.monitor.online.mapper.UserOnlineMapper.selectOnlineById - ==>  Preparing: select * from sys_user_online where sessionid = ? 
15:50:46.688 [http-nio-80-exec-4] DEBUG com.ruoyi.project.monitor.online.mapper.UserOnlineMapper.selectOnlineById - ==> Parameters: a59f26a4-5fbc-4f82-a35b-9b0056edf692(String)
15:50:46.701 [http-nio-80-exec-4] DEBUG com.ruoyi.project.monitor.online.mapper.UserOnlineMapper.selectOnlineById - <==      Total: 0
15:50:46.763 [http-nio-80-exec-5] DEBUG com.ruoyi.project.monitor.online.mapper.UserOnlineMapper.selectOnlineById - ==>  Preparing: select * from sys_user_online where sessionid = ? 
15:50:46.764 [http-nio-80-exec-5] DEBUG com.ruoyi.project.monitor.online.mapper.UserOnlineMapper.selectOnlineById - ==> Parameters: a59f26a4-5fbc-4f82-a35b-9b0056edf692(String)
15:50:46.914 [http-nio-80-exec-5] DEBUG com.ruoyi.project.monitor.online.mapper.UserOnlineMapper.selectOnlineById - <==      Total: 0
15:50:57.921 [http-nio-80-exec-6] DEBUG com.ruoyi.project.system.user.mapper.UserMapper.selectUserByLoginName - ==>  Preparing: select u.user_id, u.dept_id, u.login_name, u.user_name, u.email, u.phonenumber, u.sex, u.avatar, u.password, u.salt, u.status, u.refuse_des, u.login_ip, u.login_date, u.create_time, d.dept_id, d.parent_id, d.dept_name, d.order_num, d.status as dept_status from sys_user u left join sys_dept d on u.dept_id = d.dept_id left join sys_user_role ur on u.user_id = ur.user_id where u.login_name = ? 
15:50:57.923 [http-nio-80-exec-6] DEBUG com.ruoyi.project.system.user.mapper.UserMapper.selectUserByLoginName - ==> Parameters: admin(String)
15:50:57.929 [http-nio-80-exec-6] DEBUG com.ruoyi.project.system.user.mapper.UserMapper.selectUserByLoginName - <==      Total: 1
15:50:57.941 [http-nio-80-exec-6] INFO  sys-user - [0:0:0:0:0:0:0:1][admin][Success][登录成功]
15:50:57.943 [http-nio-80-exec-6] DEBUG com.ruoyi.project.monitor.logininfor.mapper.LogininforMapper.insertLogininfor - ==>  Preparing: insert into sys_logininfor (login_name, status, ipaddr, browser, os, msg, login_time) values (?, ?, ?, ?, ?, ?, sysdate()) 
15:50:57.946 [http-nio-80-exec-6] DEBUG com.ruoyi.project.monitor.logininfor.mapper.LogininforMapper.insertLogininfor - ==> Parameters: admin(String), 0(String), 0:0:0:0:0:0:0:1(String), Chrome(String), Windows 10(String), 登录成功(String)
15:50:58.007 [http-nio-80-exec-6] DEBUG com.ruoyi.project.monitor.logininfor.mapper.LogininforMapper.insertLogininfor - <==    Updates: 1
15:50:58.039 [http-nio-80-exec-6] DEBUG com.ruoyi.project.system.user.mapper.UserMapper.updateUser - ==>  Preparing: update sys_user SET dept_id = ?, login_name = ?, user_name = ?, email = ?, phonenumber = ?, sex = ?, password = ?, salt = ?, status = ?, refuse_des = ?, login_ip = ?, login_date = ?, update_time = sysdate() where 1=1 and user_id = ? 
15:50:58.042 [http-nio-80-exec-6] DEBUG com.ruoyi.project.system.user.mapper.UserMapper.updateUser - ==> Parameters: 106(Long), admin(String), 若依(String), ry@163.com(String), 15888888888(String), 1(String), 29c67a30398638269fe600f73a054934(String), 111111(String), 0(Integer), 正常(String), 0:0:0:0:0:0:0:1(String), 2018-08-15 15:50:58.008(Timestamp), 1(Long)
15:50:58.071 [http-nio-80-exec-6] DEBUG com.ruoyi.project.system.user.mapper.UserMapper.updateUser - <==    Updates: 1
15:50:58.092 [http-nio-80-exec-9] DEBUG com.ruoyi.project.system.menu.mapper.MenuMapper.selectMenusByUserId - ==>  Preparing: select distinct m.menu_id, m.parent_id, m.menu_name, m.url, m.perms , m.menu_type, m.icon, m.order_num, m.create_time from sys_menu m left join sys_role_menu rm on m.menu_id = rm.menu_id left join sys_user_role ur on rm.role_id = ur.role_id where ur.user_id = ? and m.menu_type in ('M', 'C') and m.visible = 0 order by m.order_num 
15:50:58.097 [http-nio-80-exec-9] DEBUG com.ruoyi.project.system.menu.mapper.MenuMapper.selectMenusByUserId - ==> Parameters: 1(Long)
15:50:58.108 [http-nio-80-exec-9] DEBUG com.ruoyi.project.system.menu.mapper.MenuMapper.selectMenusByUserId - <==      Total: 17
15:50:58.142 [http-nio-80-exec-9] DEBUG com.ruoyi.project.system.config.mapper.ConfigMapper.selectConfigByKey - ==>  Preparing: select config_id, config_name, config_key, config_value, config_type, create_by, create_time, update_by, update_time, remark from sys_config where config_key = ? 
15:50:58.144 [http-nio-80-exec-9] DEBUG com.ruoyi.project.system.config.mapper.ConfigMapper.selectConfigByKey - ==> Parameters: sys.index.skinName(String)
15:50:58.148 [http-nio-80-exec-9] DEBUG com.ruoyi.project.system.config.mapper.ConfigMapper.selectConfigByKey - <==      Total: 1
15:50:58.324 [http-nio-80-exec-2] DEBUG com.ruoyi.project.monitor.online.mapper.UserOnlineMapper.saveOnline - ==>  Preparing: replace into sys_user_online(sessionId, login_name, dept_name, ipaddr, browser, os, status, start_timestsamp, last_access_time, expire_time) values (?, ?, ?, ?, ?, ?, ?, ?, ?, ?) 
15:50:58.389 [http-nio-80-exec-2] DEBUG com.ruoyi.project.monitor.online.mapper.UserOnlineMapper.saveOnline - ==> Parameters: 98bef8ce-cf5d-47f3-aaeb-863b4656068d(String), admin(String), 研发一部(String), 0:0:0:0:0:0:0:1(String), Chrome(String), Windows 10(String), on_line(String), 2018-08-15 15:50:46.246(Timestamp), 2018-08-15 15:50:58.323(Timestamp), 1800000(Long)
15:50:58.439 [http-nio-80-exec-2] DEBUG com.ruoyi.project.monitor.online.mapper.UserOnlineMapper.saveOnline - <==    Updates: 1
17:26:23.966 [restartedMain] INFO  com.ruoyi.RuoYiApplication - Starting RuoYiApplication on wk_4 with PID 14708 (D:\codelyq\FirstCode\RuoYi\target\classes started by liuyangqi in D:\codelyq\FirstCode\RuoYi)
17:26:23.971 [restartedMain] DEBUG com.ruoyi.RuoYiApplication - Running with Spring Boot v1.5.10.RELEASE, Spring v4.3.14.RELEASE
17:26:23.971 [restartedMain] INFO  com.ruoyi.RuoYiApplication - The following profiles are active: druid
17:26:24.345 [background-preinit] INFO  org.hibernate.validator.internal.util.Version - HV000001: Hibernate Validator 5.3.6.Final
17:26:28.383 [restartedMain] INFO  org.apache.shiro.cache.ehcache.EhCacheManager - Cache with name 'com.ruoyi.framework.shiro.realm.UserRealm.authorizationCache' does not yet exist.  Creating now.
17:26:28.384 [restartedMain] INFO  org.apache.shiro.cache.ehcache.EhCacheManager - Added EhCache named [com.ruoyi.framework.shiro.realm.UserRealm.authorizationCache]
17:26:29.696 [restartedMain] INFO  com.alibaba.druid.pool.DruidDataSource - {dataSource-1} inited
17:26:30.800 [restartedMain] INFO  org.apache.shiro.cache.ehcache.EhCacheManager - Using existing EHCache named [loginRecordCache]
17:26:46.353 [restartedMain] INFO  org.apache.catalina.core.StandardService - Starting service [Tomcat]
17:26:46.373 [restartedMain] INFO  org.apache.catalina.core.StandardEngine - Starting Servlet Engine: Apache Tomcat/8.5.27
17:26:46.721 [localhost-startStop-1] INFO  org.apache.catalina.core.ContainerBase.[Tomcat].[localhost].[/] - Initializing Spring embedded WebApplicationContext
17:26:48.224 [restartedMain] INFO  org.quartz.impl.StdSchedulerFactory - Using default implementation for ThreadExecutor
17:26:48.263 [restartedMain] INFO  org.quartz.core.SchedulerSignalerImpl - Initialized Scheduler Signaller of type: class org.quartz.core.SchedulerSignalerImpl
17:26:48.264 [restartedMain] INFO  org.quartz.core.QuartzScheduler - Quartz Scheduler v.2.3.0 created.
17:26:48.295 [restartedMain] INFO  org.quartz.core.QuartzScheduler - Scheduler meta-data: Quartz Scheduler (v2.3.0) 'RuoyiScheduler' with instanceId 'wk_41534325208234'
  Scheduler class: 'org.quartz.core.QuartzScheduler' - running locally.
  NOT STARTED.
  Currently in standby mode.
  Number of jobs executed: 0
  Using thread pool 'org.quartz.simpl.SimpleThreadPool' - with 20 threads.
  Using job-store 'org.springframework.scheduling.quartz.LocalDataSourceJobStore' - which supports persistence. and is clustered.

17:26:48.296 [restartedMain] INFO  org.quartz.impl.StdSchedulerFactory - Quartz scheduler 'RuoyiScheduler' initialized from an externally provided properties instance.
17:26:48.296 [restartedMain] INFO  org.quartz.impl.StdSchedulerFactory - Quartz scheduler version: 2.3.0
17:26:48.299 [restartedMain] INFO  org.quartz.core.QuartzScheduler - JobFactory set to: org.springframework.scheduling.quartz.AdaptableJobFactory@646a1b06
17:26:49.181 [restartedMain] DEBUG com.ruoyi.project.monitor.job.mapper.JobMapper.selectJobAll - ==>  Preparing: SELECT job_id, job_name, job_group, method_name, params, cron_expression, status, create_by, create_time FROM sys_job 
17:26:49.484 [restartedMain] DEBUG com.ruoyi.project.monitor.job.mapper.JobMapper.selectJobAll - ==> Parameters: 
17:26:49.809 [restartedMain] DEBUG com.ruoyi.project.monitor.job.mapper.JobMapper.selectJobAll - <==      Total: 2
17:26:55.536 [restartedMain] WARN  org.thymeleaf.templatemode.TemplateMode - [THYMELEAF][restartedMain] Template Mode 'LEGACYHTML5' is deprecated. Using Template Mode 'HTML' instead.
17:26:57.410 [restartedMain] INFO  org.apache.coyote.http11.Http11NioProtocol - Initializing ProtocolHandler ["http-nio-80"]
17:26:57.440 [restartedMain] INFO  org.apache.coyote.http11.Http11NioProtocol - Starting ProtocolHandler ["http-nio-80"]
17:26:57.481 [restartedMain] INFO  org.apache.tomcat.util.net.NioSelectorPool - Using a shared selector for servlet write/read
17:26:57.563 [restartedMain] INFO  com.ruoyi.RuoYiApplication - Started RuoYiApplication in 34.491 seconds (JVM running for 36.814)
17:26:58.554 [Quartz Scheduler [RuoyiScheduler]] INFO  org.quartz.core.QuartzScheduler - Scheduler RuoyiScheduler_$_wk_41534325208234 started.
17:27:02.217 [http-nio-80-exec-1] INFO  org.apache.tomcat.util.http.parser.Cookie - A cookie header was received [1534144320; _lpt_=3f9a2ff394564d8489d09ea24e959c66; BJEV_SESSIONID=38b6fa270b194d5ea548514f93ca3eab; pgv_pvi=601934848; pgv_si=s6786848768; JSESSIONID=98bef8ce-cf5d-47f3-aaeb-863b4656068d; Hm_lpvt_ba7c84ce230944c13900faeba642b2b4=1534319459] that contained an invalid cookie. That cookie will be ignored.Note: further occurrences of this error will be logged at DEBUG level.
17:27:02.226 [http-nio-80-exec-1] INFO  org.apache.catalina.core.ContainerBase.[Tomcat].[localhost].[/] - Initializing Spring FrameworkServlet 'dispatcherServlet'
17:27:02.319 [http-nio-80-exec-1] INFO  org.apache.shiro.session.mgt.AbstractValidatingSessionManager - Enabling session validation scheduler...
17:27:02.319 [http-nio-80-exec-1] DEBUG com.ruoyi.framework.shiro.web.session.SpringSessionValidationScheduler - Scheduling session validation job using Spring Scheduler with session validation interval of [600000]ms...
17:27:02.321 [http-nio-80-exec-1] DEBUG com.ruoyi.framework.shiro.web.session.SpringSessionValidationScheduler - Session validation job successfully scheduled with Spring Scheduler.
17:27:02.323 [http-nio-80-exec-1] INFO  org.apache.shiro.cache.ehcache.EhCacheManager - Using existing EHCache named [shiro-activeSessionCache]
17:27:02.335 [http-nio-80-exec-1] DEBUG com.ruoyi.project.monitor.online.mapper.UserOnlineMapper.selectOnlineById - ==>  Preparing: select * from sys_user_online where sessionid = ? 
17:27:02.338 [http-nio-80-exec-1] DEBUG com.ruoyi.project.monitor.online.mapper.UserOnlineMapper.selectOnlineById - ==> Parameters: 98bef8ce-cf5d-47f3-aaeb-863b4656068d(String)
17:27:02.346 [http-nio-80-exec-1] DEBUG com.ruoyi.project.monitor.online.mapper.UserOnlineMapper.selectOnlineById - <==      Total: 1
17:27:02.351 [http-nio-80-exec-1] DEBUG com.ruoyi.project.monitor.online.mapper.UserOnlineMapper.selectOnlineById - ==>  Preparing: select * from sys_user_online where sessionid = ? 
17:27:02.352 [http-nio-80-exec-1] DEBUG com.ruoyi.project.monitor.online.mapper.UserOnlineMapper.selectOnlineById - ==> Parameters: 98bef8ce-cf5d-47f3-aaeb-863b4656068d(String)
17:27:02.356 [http-nio-80-exec-1] DEBUG com.ruoyi.project.monitor.online.mapper.UserOnlineMapper.selectOnlineById - <==      Total: 1
17:27:02.359 [http-nio-80-exec-1] DEBUG com.ruoyi.project.monitor.online.mapper.UserOnlineMapper.selectOnlineById - ==>  Preparing: select * from sys_user_online where sessionid = ? 
17:27:02.360 [http-nio-80-exec-1] DEBUG com.ruoyi.project.monitor.online.mapper.UserOnlineMapper.selectOnlineById - ==> Parameters: 98bef8ce-cf5d-47f3-aaeb-863b4656068d(String)
17:27:02.365 [http-nio-80-exec-1] DEBUG com.ruoyi.project.monitor.online.mapper.UserOnlineMapper.selectOnlineById - <==      Total: 1
17:27:02.367 [http-nio-80-exec-1] DEBUG com.ruoyi.project.monitor.online.mapper.UserOnlineMapper.selectOnlineById - ==>  Preparing: select * from sys_user_online where sessionid = ? 
17:27:02.368 [http-nio-80-exec-1] DEBUG com.ruoyi.project.monitor.online.mapper.UserOnlineMapper.selectOnlineById - ==> Parameters: 98bef8ce-cf5d-47f3-aaeb-863b4656068d(String)
17:27:02.374 [http-nio-80-exec-1] DEBUG com.ruoyi.project.monitor.online.mapper.UserOnlineMapper.selectOnlineById - <==      Total: 1
17:27:02.376 [http-nio-80-exec-1] DEBUG com.ruoyi.project.monitor.online.mapper.UserOnlineMapper.selectOnlineById - ==>  Preparing: select * from sys_user_online where sessionid = ? 
17:27:02.377 [http-nio-80-exec-1] DEBUG com.ruoyi.project.monitor.online.mapper.UserOnlineMapper.selectOnlineById - ==> Parameters: 98bef8ce-cf5d-47f3-aaeb-863b4656068d(String)
17:27:02.382 [http-nio-80-exec-1] DEBUG com.ruoyi.project.monitor.online.mapper.UserOnlineMapper.selectOnlineById - <==      Total: 1
17:27:02.388 [http-nio-80-exec-1] DEBUG com.ruoyi.project.monitor.online.mapper.UserOnlineMapper.selectOnlineById - ==>  Preparing: select * from sys_user_online where sessionid = ? 
17:27:02.389 [http-nio-80-exec-1] DEBUG com.ruoyi.project.monitor.online.mapper.UserOnlineMapper.selectOnlineById - ==> Parameters: 98bef8ce-cf5d-47f3-aaeb-863b4656068d(String)
17:27:02.394 [http-nio-80-exec-1] DEBUG com.ruoyi.project.monitor.online.mapper.UserOnlineMapper.selectOnlineById - <==      Total: 1
17:27:02.396 [http-nio-80-exec-1] DEBUG com.ruoyi.project.monitor.online.mapper.UserOnlineMapper.selectOnlineById - ==>  Preparing: select * from sys_user_online where sessionid = ? 
17:27:02.397 [http-nio-80-exec-1] DEBUG com.ruoyi.project.monitor.online.mapper.UserOnlineMapper.selectOnlineById - ==> Parameters: 98bef8ce-cf5d-47f3-aaeb-863b4656068d(String)
17:27:02.404 [http-nio-80-exec-1] DEBUG com.ruoyi.project.monitor.online.mapper.UserOnlineMapper.selectOnlineById - <==      Total: 1
17:27:02.407 [http-nio-80-exec-1] DEBUG com.ruoyi.project.monitor.online.mapper.UserOnlineMapper.selectOnlineById - ==>  Preparing: select * from sys_user_online where sessionid = ? 
17:27:02.408 [http-nio-80-exec-1] DEBUG com.ruoyi.project.monitor.online.mapper.UserOnlineMapper.selectOnlineById - ==> Parameters: 98bef8ce-cf5d-47f3-aaeb-863b4656068d(String)
17:27:02.413 [http-nio-80-exec-1] DEBUG com.ruoyi.project.monitor.online.mapper.UserOnlineMapper.selectOnlineById - <==      Total: 1
17:27:02.415 [http-nio-80-exec-1] DEBUG com.ruoyi.project.monitor.online.mapper.UserOnlineMapper.selectOnlineById - ==>  Preparing: select * from sys_user_online where sessionid = ? 
17:27:02.416 [http-nio-80-exec-1] DEBUG com.ruoyi.project.monitor.online.mapper.UserOnlineMapper.selectOnlineById - ==> Parameters: 98bef8ce-cf5d-47f3-aaeb-863b4656068d(String)
17:27:02.421 [http-nio-80-exec-1] DEBUG com.ruoyi.project.monitor.online.mapper.UserOnlineMapper.selectOnlineById - <==      Total: 1
17:27:02.448 [http-nio-80-exec-1] DEBUG com.ruoyi.project.monitor.online.mapper.UserOnlineMapper.selectOnlineById - ==>  Preparing: select * from sys_user_online where sessionid = ? 
17:27:02.449 [http-nio-80-exec-1] DEBUG com.ruoyi.project.monitor.online.mapper.UserOnlineMapper.selectOnlineById - ==> Parameters: 98bef8ce-cf5d-47f3-aaeb-863b4656068d(String)
17:27:02.456 [http-nio-80-exec-1] DEBUG com.ruoyi.project.monitor.online.mapper.UserOnlineMapper.selectOnlineById - <==      Total: 1
17:27:03.323 [pool-1-thread-1] INFO  com.ruoyi.framework.shiro.web.session.OnlineWebSessionManager - invalidation sessions...
17:27:03.336 [pool-1-thread-1] DEBUG com.ruoyi.project.monitor.online.mapper.UserOnlineMapper.selectOnlineByExpired - ==>  Preparing: SELECT * FROM sys_user_online o WHERE o.last_access_time <= ? ORDER BY o.last_access_time ASC 
17:27:03.338 [pool-1-thread-1] DEBUG com.ruoyi.project.monitor.online.mapper.UserOnlineMapper.selectOnlineByExpired - ==> Parameters: 2018-08-15 16:57:03(String)
17:27:03.406 [pool-1-thread-1] DEBUG com.ruoyi.project.monitor.online.mapper.UserOnlineMapper.selectOnlineByExpired - <==      Total: 1
17:27:03.408 [pool-1-thread-1] DEBUG com.ruoyi.framework.shiro.web.session.OnlineWebSessionManager - Invalidated session with id [98bef8ce-cf5d-47f3-aaeb-863b4656068d] (stopped)
17:27:03.410 [pool-1-thread-1] DEBUG com.ruoyi.project.monitor.online.mapper.UserOnlineMapper.selectOnlineById - ==>  Preparing: select * from sys_user_online where sessionid = ? 
17:27:03.411 [pool-1-thread-1] DEBUG com.ruoyi.project.monitor.online.mapper.UserOnlineMapper.selectOnlineById - ==> Parameters: 98bef8ce-cf5d-47f3-aaeb-863b4656068d(String)
17:27:03.415 [pool-1-thread-1] DEBUG com.ruoyi.project.monitor.online.mapper.UserOnlineMapper.selectOnlineById - <==      Total: 1
17:27:03.417 [pool-1-thread-1] DEBUG com.ruoyi.project.monitor.online.mapper.UserOnlineMapper.deleteOnlineById - ==>  Preparing: delete from sys_user_online where sessionId = ? 
17:27:03.419 [pool-1-thread-1] DEBUG com.ruoyi.project.monitor.online.mapper.UserOnlineMapper.deleteOnlineById - ==> Parameters: 98bef8ce-cf5d-47f3-aaeb-863b4656068d(String)
17:27:03.475 [pool-1-thread-1] DEBUG com.ruoyi.project.monitor.online.mapper.UserOnlineMapper.deleteOnlineById - <==    Updates: 1
17:27:03.477 [pool-1-thread-1] INFO  com.ruoyi.framework.shiro.web.session.OnlineWebSessionManager - Finished invalidation session. [1] sessions were stopped.
